<?xml version="1.0" encoding="UTF-8"?>
<testng-results skipped="0" failed="0" ignored="0" total="1" passed="1">
  <reporter-output>
  </reporter-output>
  <suite name="Suite" duration-ms="4871" started-at="2022-04-17T08:32:42 IST" finished-at="2022-04-17T08:32:47 IST">
    <groups>
    </groups>
    <test name="Test" duration-ms="4871" started-at="2022-04-17T08:32:42 IST" finished-at="2022-04-17T08:32:47 IST">
      <class name="selenium.Loginpage">
        <test-method status="PASS" signature="checkLoginPageheadind2()[pri:0, instance:selenium.Loginpage@4d95d2a2]" name="checkLoginPageheadind2" duration-ms="4801" started-at="2022-04-17T08:32:42 IST" finished-at="2022-04-17T08:32:47 IST">
          <reporter-output>
          </reporter-output>
        </test-method> <!-- checkLoginPageheadind2 -->
      </class> <!-- selenium.Loginpage -->
    </test> <!-- Test -->
  </suite> <!-- Suite -->
</testng-results>
